<?xml version="1.0" encoding="UTF-8"?>
<testsuite xmlns:xsi="http://www.w3.org/2001/XMLSchema-instance" xsi:noNamespaceSchemaLocation="https://maven.apache.org/surefire/maven-surefire-plugin/xsd/surefire-test-report.xsd" name="OpmBackendApplication.OpmBackendApplicationTests" time="1.194" tests="1" errors="1" skipped="0" failures="0">
  <properties>
[...]
</properties>
  <testcase name="initializationError" classname="OpmBackendApplication.OpmBackendApplicationTests" time="0.018">
    <error message="Unable to find a @SpringBootConfiguration, you need to use @ContextConfiguration or @SpringBootTest(classes=...) with your test" type="java.lang.IllegalStateException">java.lang.IllegalStateException: Unable to find a @SpringBootConfiguration, you need to use @ContextConfiguration or @SpringBootTest(classes=...) with your test
</error>
    <system-out><![CDATA[13:59:01.792 [main] DEBUG org.springframework.test.context.junit4.SpringJUnit4ClassRunner - SpringJUnit4ClassRunner constructor called with [class OpmBackendApplication.OpmBackendApplicationTests]
13:59:01.820 [main] DEBUG org.springframework.test.context.BootstrapUtils - Instantiating CacheAwareContextLoaderDelegate from class [org.springframework.test.context.cache.DefaultCacheAwareContextLoaderDelegate]
13:59:01.844 [main] INFO org.springframework.core.KotlinDetector - Kotlin reflection implementation not found at runtime, related features won't be available.
13:59:01.871 [main] DEBUG org.springframework.test.context.BootstrapUtils - Instantiating BootstrapContext using constructor [public org.springframework.test.context.support.DefaultBootstrapContext(java.lang.Class,org.springframework.test.context.CacheAwareContextLoaderDelegate)]
13:59:01.980 [main] DEBUG org.springframework.test.context.BootstrapUtils - Instantiating TestContextBootstrapper for test class [OpmBackendApplication.OpmBackendApplicationTests] from class [org.springframework.boot.test.context.SpringBootTestContextBootstrapper]
13:59:02.045 [main] INFO org.springframework.boot.test.context.SpringBootTestContextBootstrapper - Neither @ContextConfiguration nor @ContextHierarchy found for test class [OpmBackendApplication.OpmBackendApplicationTests], using SpringBootContextLoader
13:59:02.072 [main] DEBUG org.springframework.test.context.support.AbstractContextLoader - Did not detect default resource location for test class [OpmBackendApplication.OpmBackendApplicationTests]: class path resource [OpmBackendApplication/OpmBackendApplicationTests-context.xml] does not exist
13:59:02.072 [main] DEBUG org.springframework.test.context.support.AbstractContextLoader - Did not detect default resource location for test class [OpmBackendApplication.OpmBackendApplicationTests]: class path resource [OpmBackendApplication/OpmBackendApplicationTestsContext.groovy] does not exist
13:59:02.076 [main] INFO org.springframework.test.context.support.AbstractContextLoader - Could not detect default resource locations for test class [OpmBackendApplication.OpmBackendApplicationTests]: no resource found for suffixes {-context.xml, Context.groovy}.
13:59:02.080 [main] INFO org.springframework.test.context.support.AnnotationConfigContextLoaderUtils - Could not detect default configuration classes for test class [OpmBackendApplication.OpmBackendApplicationTests]: OpmBackendApplicationTests does not declare any static, non-private, non-final, nested classes annotated with @Configuration.
13:59:02.282 [main] DEBUG org.springframework.test.context.support.ActiveProfilesUtils - Could not find an 'annotation declaring class' for annotation type [org.springframework.test.context.ActiveProfiles] and class [OpmBackendApplication.OpmBackendApplicationTests]
]]></system-out>
  </testcase>
</testsuite>